<?xml version="1.0" encoding="UTF-8"?>
<!-- Generated by org.testng.reporters.JUnitXMLReporter -->
<testsuite ignored="0" hostname="DESKTOP-NS1PU1H" failures="0" tests="5" name="Surefire test" time="0.045" errors="0" timestamp="2023-11-06T23:28:42 GMT-05:00">
  <testcase classname="ece.UserValidationTest" name="testCase1" time="0.011"/>
  <testcase classname="ece.UserValidationTest" name="testCase2" time="0.001"/>
  <testcase classname="ece.UserValidationTest" name="testCase3" time="0.0"/>
  <testcase classname="ece.UserValidationTest" name="testCase4" time="0.001"/>
  <testcase classname="ece.UserValidationTest" name="testCase5" time="0.001"/>
</testsuite> <!-- Surefire test -->
